<?xml version="1.0" encoding="UTF-8"?>
<!-- Generated by org.testng.reporters.JUnitReportReporter -->
<testsuite hostname="hp" failures="0" tests="1" name="Manufacturer_Module_SCM_Flex.Manufacturer_should_be_able_to_add_products_Test" time="3.246" errors="0" timestamp="2023-11-30T15:49:22 IST" skipped="0">
  <testcase classname="Manufacturer_Module_SCM_Flex.Manufacturer_should_be_able_to_add_products_Test" name="test" time="3.246"/>
  <system-out>
    <![CDATA[test-------- TestScript execution starts from here---
test--------TestScript Executed Sucessfully]]>
  </system-out>
</testsuite> <!-- Manufacturer_Module_SCM_Flex.Manufacturer_should_be_able_to_add_products_Test -->
