<?xml version="1.0" encoding="UTF-8"?>
<!-- Generated by org.testng.reporters.JUnitReportReporter -->
<testsuite hostname="hp" failures="0" tests="1" name="Admin_Module_SCM_Flex.DeletingRetailer_Test" time="8.144" errors="0" timestamp="2023-11-30T17:21:53 IST" skipped="0">
  <testcase classname="Admin_Module_SCM_Flex.DeletingRetailer_Test" name="test" time="8.144"/>
  <system-out/>
</testsuite> <!-- Admin_Module_SCM_Flex.DeletingRetailer_Test -->
